Determining if the pthread_create exist failed with the following output:
Change Dir: /home/letian/test/build/CMakeFiles/CMakeTmp

<<<<<<< HEAD
Run Build Command:"/usr/bin/make" "cmTC_e17d9/fast"
/usr/bin/make -f CMakeFiles/cmTC_e17d9.dir/build.make CMakeFiles/cmTC_e17d9.dir/build
make[1]: Entering directory '/home/letian/test/build/CMakeFiles/CMakeTmp'
Building C object CMakeFiles/cmTC_e17d9.dir/CheckSymbolExists.c.o
/usr/bin/cc    -o CMakeFiles/cmTC_e17d9.dir/CheckSymbolExists.c.o   -c /home/letian/test/build/CMakeFiles/CMakeTmp/CheckSymbolExists.c
Linking C executable cmTC_e17d9
/usr/bin/cmake -E cmake_link_script CMakeFiles/cmTC_e17d9.dir/link.txt --verbose=1
/usr/bin/cc      -rdynamic CMakeFiles/cmTC_e17d9.dir/CheckSymbolExists.c.o  -o cmTC_e17d9 
CMakeFiles/cmTC_e17d9.dir/CheckSymbolExists.c.o: In function `main':
CheckSymbolExists.c:(.text+0x16): undefined reference to `pthread_create'
collect2: error: ld returned 1 exit status
CMakeFiles/cmTC_e17d9.dir/build.make:97: recipe for target 'cmTC_e17d9' failed
make[1]: *** [cmTC_e17d9] Error 1
make[1]: Leaving directory '/home/letian/test/build/CMakeFiles/CMakeTmp'
Makefile:126: recipe for target 'cmTC_e17d9/fast' failed
make: *** [cmTC_e17d9/fast] Error 2
=======
Run Build Command:"/usr/bin/make" "cmTC_6b8d5/fast"
/usr/bin/make -f CMakeFiles/cmTC_6b8d5.dir/build.make CMakeFiles/cmTC_6b8d5.dir/build
make[1]: Entering directory '/home/letian/test/build/CMakeFiles/CMakeTmp'
Building C object CMakeFiles/cmTC_6b8d5.dir/CheckSymbolExists.c.o
/usr/bin/cc    -o CMakeFiles/cmTC_6b8d5.dir/CheckSymbolExists.c.o   -c /home/letian/test/build/CMakeFiles/CMakeTmp/CheckSymbolExists.c
Linking C executable cmTC_6b8d5
/usr/bin/cmake -E cmake_link_script CMakeFiles/cmTC_6b8d5.dir/link.txt --verbose=1
/usr/bin/cc      -rdynamic CMakeFiles/cmTC_6b8d5.dir/CheckSymbolExists.c.o  -o cmTC_6b8d5 
CMakeFiles/cmTC_6b8d5.dir/CheckSymbolExists.c.o：在函数‘main’中：
CheckSymbolExists.c:(.text+0x16)：对‘pthread_create’未定义的引用
collect2: error: ld returned 1 exit status
CMakeFiles/cmTC_6b8d5.dir/build.make:97: recipe for target 'cmTC_6b8d5' failed
make[1]: *** [cmTC_6b8d5] Error 1
make[1]: Leaving directory '/home/letian/test/build/CMakeFiles/CMakeTmp'
Makefile:126: recipe for target 'cmTC_6b8d5/fast' failed
make: *** [cmTC_6b8d5/fast] Error 2
>>>>>>> 798d5e7063431ffdf3a6f3540d43fd5bf6dd807b

File /home/letian/test/build/CMakeFiles/CMakeTmp/CheckSymbolExists.c:
/* */
#include <pthread.h>

int main(int argc, char** argv)
{
  (void)argv;
#ifndef pthread_create
  return ((int*)(&pthread_create))[argc];
#else
  (void)argc;
  return 0;
#endif
}

Determining if the function pthread_create exists in the pthreads failed with the following output:
Change Dir: /home/letian/test/build/CMakeFiles/CMakeTmp

<<<<<<< HEAD
Run Build Command:"/usr/bin/make" "cmTC_b2a9d/fast"
/usr/bin/make -f CMakeFiles/cmTC_b2a9d.dir/build.make CMakeFiles/cmTC_b2a9d.dir/build
make[1]: Entering directory '/home/letian/test/build/CMakeFiles/CMakeTmp'
Building C object CMakeFiles/cmTC_b2a9d.dir/CheckFunctionExists.c.o
/usr/bin/cc   -DCHECK_FUNCTION_EXISTS=pthread_create   -o CMakeFiles/cmTC_b2a9d.dir/CheckFunctionExists.c.o   -c /usr/share/cmake-3.10/Modules/CheckFunctionExists.c
Linking C executable cmTC_b2a9d
/usr/bin/cmake -E cmake_link_script CMakeFiles/cmTC_b2a9d.dir/link.txt --verbose=1
/usr/bin/cc  -DCHECK_FUNCTION_EXISTS=pthread_create    -rdynamic CMakeFiles/cmTC_b2a9d.dir/CheckFunctionExists.c.o  -o cmTC_b2a9d -lpthreads 
/usr/bin/ld: cannot find -lpthreads
collect2: error: ld returned 1 exit status
CMakeFiles/cmTC_b2a9d.dir/build.make:97: recipe for target 'cmTC_b2a9d' failed
make[1]: *** [cmTC_b2a9d] Error 1
make[1]: Leaving directory '/home/letian/test/build/CMakeFiles/CMakeTmp'
Makefile:126: recipe for target 'cmTC_b2a9d/fast' failed
make: *** [cmTC_b2a9d/fast] Error 2
=======
Run Build Command:"/usr/bin/make" "cmTC_6ddb3/fast"
/usr/bin/make -f CMakeFiles/cmTC_6ddb3.dir/build.make CMakeFiles/cmTC_6ddb3.dir/build
make[1]: Entering directory '/home/letian/test/build/CMakeFiles/CMakeTmp'
Building C object CMakeFiles/cmTC_6ddb3.dir/CheckFunctionExists.c.o
/usr/bin/cc   -DCHECK_FUNCTION_EXISTS=pthread_create   -o CMakeFiles/cmTC_6ddb3.dir/CheckFunctionExists.c.o   -c /usr/share/cmake-3.10/Modules/CheckFunctionExists.c
Linking C executable cmTC_6ddb3
/usr/bin/cmake -E cmake_link_script CMakeFiles/cmTC_6ddb3.dir/link.txt --verbose=1
/usr/bin/cc  -DCHECK_FUNCTION_EXISTS=pthread_create    -rdynamic CMakeFiles/cmTC_6ddb3.dir/CheckFunctionExists.c.o  -o cmTC_6ddb3 -lpthreads 
/usr/bin/ld: 找不到 -lpthreads
collect2: error: ld returned 1 exit status
CMakeFiles/cmTC_6ddb3.dir/build.make:97: recipe for target 'cmTC_6ddb3' failed
make[1]: *** [cmTC_6ddb3] Error 1
make[1]: Leaving directory '/home/letian/test/build/CMakeFiles/CMakeTmp'
Makefile:126: recipe for target 'cmTC_6ddb3/fast' failed
make: *** [cmTC_6ddb3/fast] Error 2
>>>>>>> 798d5e7063431ffdf3a6f3540d43fd5bf6dd807b


